<?xml version="1.0" encoding="utf-8" standalone="yes"?><rss version="2.0" xmlns:atom="http://www.w3.org/2005/Atom"><channel><title>デプロイ on Hugoブログテーマ「Salt」</title><link>https://hugo-theme-salt.okdyy75.com/tags/%E3%83%87%E3%83%97%E3%83%AD%E3%82%A4/</link><description>Recent content in デプロイ on Hugoブログテーマ「Salt」</description><generator>Hugo -- gohugo.io</generator><language>ja</language><copyright>© 2021 okdyy75</copyright><lastBuildDate>Sat, 29 Jan 2022 20:11:23 +0900</lastBuildDate><atom:link href="https://hugo-theme-salt.okdyy75.com/tags/%E3%83%87%E3%83%97%E3%83%AD%E3%82%A4/index.xml" rel="self" type="application/rss+xml"/><item><title>HugoでCIからビルド際にたまにエラーになる原因</title><link>https://hugo-theme-salt.okdyy75.com/article/hugo/build-error/</link><pubDate>Sat, 29 Jan 2022 20:11:23 +0900</pubDate><guid>https://hugo-theme-salt.okdyy75.com/article/hugo/build-error/</guid><description>たまにHugoでCIからデプロイしようとする際エラーになっていたんですが原因が分かりました。 package.json &amp;#34;scripts&amp;#34;: { &amp;#34;create-ranking&amp;#34;: &amp;#34;node scripts/create-ranking.js&amp;#34;, &amp;#34;build&amp;#34;: &amp;#34;hugo --gc --minify&amp;#34;, &amp;#34;test&amp;#34;: &amp;#34;echo \&amp;#34;Error: no test specified\&amp;#34; &amp;amp;&amp;amp; exit 1&amp;#34; }, npm run buildしてみるとこんな感じのエラーが出て、たまにデプロイがうまくいきませんでした Start building sites … hugo v0.89.4-AB01BA6E darwin/amd64 BuildDate=2021-11-17T08:24:09Z VendorInfo=gohugoio ERROR 2022/01/29 20:21:30 render of &amp;#34;page&amp;#34; failed: execute of template failed: template: partials/sidebar.html:101:72: executing &amp;#34;sidebar&amp;#34; at &amp;lt;(index $thumbnail 0).Fill&amp;gt;: error calling Fill: image &amp;#34;/Users/okdyy75/hugo-theme-salt/content/article/hugo/fontawsome/thumbnail.png&amp;#34;: this feature is not available in your current Hugo version, see https://goo.gl/YMrWcn for more information ERROR 2022/01/29 20:21:30 render of &amp;#34;page&amp;#34; failed: execute of template failed: template: partials/sidebar.html:101:72: executing &amp;#34;sidebar&amp;#34; at &amp;lt;(index $thumbnail 0).Fill&amp;gt;: error calling Fill: image &amp;#34;/Users/okdyy75/hugo-theme-salt/content/article/hugo/fontawsome/thumbnail.png&amp;#34;: this feature is not available in your current Hugo version, see https://goo.gl/YMrWcn for more information ERROR 2022/01/29 20:21:30</description></item></channel></rss>